<?xml version="1.0" encoding="UTF-8"?>
<testsuite xmlns:xsi="http://www.w3.org/2001/XMLSchema-instance" xsi:noNamespaceSchemaLocation="https://maven.apache.org/surefire/maven-surefire-plugin/xsd/surefire-test-report.xsd" name="jar.AppTest" time="0.032" tests="1" errors="0" skipped="0" failures="0">
  <properties>
    <property name="sun.desktop" value="windows"/>
    <property name="awt.toolkit" value="sun.awt.windows.WToolkit"/>
    <property name="file.encoding.pkg" value="sun.io"/>
    <property name="java.specification.version" value="1.8"/>
    <property name="sun.cpu.isalist" value="amd64"/>
    <property name="sun.jnu.encoding" value="Cp1252"/>
    <property name="java.class.path" value="C:\Users\rbenhmidane\TMP\RepoTest\testRepo\test\target\test-classes;C:\Users\rbenhmidane\TMP\RepoTest\testRepo\test\target\classes;D:\Tools\Maven\apache-maven-3.2.3\repository\junit\junit\4.11\junit-4.11.jar;D:\Tools\Maven\apache-maven-3.2.3\repository\org\hamcrest\hamcrest-core\1.3\hamcrest-core-1.3.jar;"/>
    <property name="java.vm.vendor" value="Oracle Corporation"/>
    <property name="sun.arch.data.model" value="64"/>
    <property name="user.variant" value=""/>
    <property name="java.vendor.url" value="http://java.oracle.com/"/>
    <property name="user.timezone" value="Europe/Paris"/>
    <property name="java.vm.specification.version" value="1.8"/>
    <property name="os.name" value="Windows 10"/>
    <property name="user.country" value="FR"/>
    <property name="sun.java.launcher" value="SUN_STANDARD"/>
    <property name="sun.boot.library.path" value="D:\Tools\Java\jdk8\jre\bin"/>
    <property name="sun.java.command" value="C:\Users\RBENHM~1\AppData\Local\Temp\surefire5232161452619382934\surefirebooter2843271687335469171.jar C:\Users\rbenhmidane\AppData\Local\Temp\surefire5232161452619382934 2020-10-06T21-40-06_892-jvmRun1 surefire3448809463451641511tmp surefire_02611118551600369676tmp"/>
    <property name="surefire.test.class.path" value="C:\Users\rbenhmidane\TMP\RepoTest\testRepo\test\target\test-classes;C:\Users\rbenhmidane\TMP\RepoTest\testRepo\test\target\classes;D:\Tools\Maven\apache-maven-3.2.3\repository\junit\junit\4.11\junit-4.11.jar;D:\Tools\Maven\apache-maven-3.2.3\repository\org\hamcrest\hamcrest-core\1.3\hamcrest-core-1.3.jar;"/>
    <property name="sun.cpu.endian" value="little"/>
    <property name="user.home" value="C:\Users\rbenhmidane"/>
    <property name="user.language" value="fr"/>
    <property name="java.specification.vendor" value="Oracle Corporation"/>
    <property name="java.home" value="D:\Tools\Java\jdk8\jre"/>
    <property name="basedir" value="C:\Users\rbenhmidane\TMP\RepoTest\testRepo\test"/>
    <property name="file.separator" value="\"/>
    <property name="line.separator" value="&#10;"/>
    <property name="java.vm.specification.vendor" value="Oracle Corporation"/>
    <property name="java.specification.name" value="Java Platform API Specification"/>
    <property name="java.awt.graphicsenv" value="sun.awt.Win32GraphicsEnvironment"/>
    <property name="surefire.real.class.path" value="C:\Users\RBENHM~1\AppData\Local\Temp\surefire5232161452619382934\surefirebooter2843271687335469171.jar"/>
    <property name="sun.boot.class.path" value="D:\Tools\Java\jdk8\jre\lib\resources.jar;D:\Tools\Java\jdk8\jre\lib\rt.jar;D:\Tools\Java\jdk8\jre\lib\sunrsasign.jar;D:\Tools\Java\jdk8\jre\lib\jsse.jar;D:\Tools\Java\jdk8\jre\lib\jce.jar;D:\Tools\Java\jdk8\jre\lib\charsets.jar;D:\Tools\Java\jdk8\jre\lib\jfr.jar;D:\Tools\Java\jdk8\jre\classes"/>
    <property name="user.script" value=""/>
    <property name="sun.management.compiler" value="HotSpot 64-Bit Tiered Compilers"/>
    <property name="java.runtime.version" value="1.8.0_181-b13"/>
    <property name="user.name" value="rbenhmidane"/>
    <property name="path.separator" value=";"/>
    <property name="os.version" value="10.0"/>
    <property name="java.endorsed.dirs" value="D:\Tools\Java\jdk8\jre\lib\endorsed"/>
    <property name="java.runtime.name" value="Java(TM) SE Runtime Environment"/>
    <property name="file.encoding" value="Cp1252"/>
    <property name="java.vm.name" value="Java HotSpot(TM) 64-Bit Server VM"/>
    <property name="localRepository" value="D:\Tools\Maven\apache-maven-3.2.3\repository"/>
    <property name="java.vendor.url.bug" value="http://bugreport.sun.com/bugreport/"/>
    <property name="java.io.tmpdir" value="C:\Users\RBENHM~1\AppData\Local\Temp\"/>
    <property name="java.version" value="1.8.0_181"/>
    <property name="user.dir" value="C:\Users\rbenhmidane\TMP\RepoTest\testRepo\test"/>
    <property name="os.arch" value="amd64"/>
    <property name="java.vm.specification.name" value="Java Virtual Machine Specification"/>
    <property name="java.awt.printerjob" value="sun.awt.windows.WPrinterJob"/>
    <property name="sun.os.patch.level" value=""/>
    <property name="java.library.path" value="D:\Tools\Java\jdk8\jre\bin;C:\WINDOWS\Sun\Java\bin;C:\WINDOWS\system32;C:\WINDOWS;C:\Program Files (x86)\NVIDIA Corporation\PhysX\Common;C:\Program Files (x86)\Intel\iCLS Client\;C:\Program Files\Intel\iCLS Client\;C:\WINDOWS\system32;C:\Users\rbenhmidane\AppData\Local\Programs\Python\Python37\Scripts\;C:\Users\rbenhmidane\AppData\Local\Programs\Python\Python37\;C:\WINDOWS;C:\WINDOWS\System32\Wbem;C:\WINDOWS\System32\WindowsPowerShell\v1.0\;C:\WINDOWS\System32\OpenSSH\;C:\Program Files (x86)\Intel\Intel(R) Management Engine Components\DAL;C:\Program Files\Intel\Intel(R) Management Engine Components\DAL;C:\Program Files (x86)\Intel\Intel(R) Management Engine Components\IPT;C:\Program Files\Intel\Intel(R) Management Engine Components\IPT;D:\Tools\Notepad++;D:\Tools\Java\jdk8\bin;D:\Tools\Maven\apache-maven-3.2.3\bin;D:\Tools\SVN\TortoiseSVN-1.9.2\bin;D:\Tools\SVN\svnkit-1.9.3\bin;D:\Tools\MySql_Workbench\MySQL Workbench 8.0 CE;D:\Tools\Git\Git\cmd;D:\Tools\Git\Git\mingw64\bin;D:\Tools\Git\Git\usr\bin;C:\Program Files\nodejs\;C:\Program Files\PuTTY\;C:\Users\rbenhmidane\AppData\Local\Microsoft\WindowsApps;D:\Tools\Fiddler;C:\Users\rbenhmidane\AppData\Local\Microsoft\WindowsApps;C:\Users\rbenhmidane\AppData\Roaming\npm;C:\Program Files\Android\Android Studio\gradle\gradle-5.1.1\bin;C:\Program Files\RabbitMQ Server\rabbitmq_server-3.7.15\sbin;D:\Tools\IntelliJ\IntelliJ IDEA 2019.1.3\bin;;C:\Users\rbenhmidane\AppData\Local\Programs\Microsoft VS Code\bin;D:\Tools\make-3.81;C:\Program Files (x86)\Nmap;D:\Tools\phantomjs-2.1.1-windows\bin;D:\Tools\casperjs-1.1.4-1\bin;;D:\Tools\Single_Commands\gcc\bin;."/>
    <property name="java.vm.info" value="mixed mode"/>
    <property name="java.vendor" value="Oracle Corporation"/>
    <property name="java.vm.version" value="25.181-b13"/>
    <property name="java.ext.dirs" value="D:\Tools\Java\jdk8\jre\lib\ext;C:\WINDOWS\Sun\Java\lib\ext"/>
    <property name="sun.io.unicode.encoding" value="UnicodeLittle"/>
    <property name="java.class.version" value="52.0"/>
  </properties>
  <testcase name="shouldAnswerWithTrue" classname="jar.AppTest" time="0.001"/>
</testsuite>